<?xml version="1.0" encoding="UTF-8"?>
<robot generator="Robot 3.1.1 (Python 3.7.1 on win32)" generated="20190220 17:15:07.058" rpa="false">
<suite id="s1" name="RobotProject1" source="C:\Users\giriganv\git\RobotProject_VenkatG\RobotProject1">
<suite id="s1-s1" name="RobotTests" source="C:\Users\giriganv\git\RobotProject_VenkatG\RobotProject1\RobotTests">
<suite id="s1-s1-s1" name="RobotTest1" source="C:\Users\giriganv\git\RobotProject_VenkatG\RobotProject1\RobotTests\RobotTest1.robot">
<test id="s1-s1-s1-t1" name="FirstSeleniumTest">
<kw name="Open Browser" library="SeleniumLibrary">
<doc>Opens a new browser instance to the given ``url``.</doc>
<arguments>
<arg>https://google.com</arg>
<arg>${Browser}</arg>
</arguments>
<msg timestamp="20190220 17:15:07.434" level="INFO">Opening browser 'chrome' to base url 'https://google.com'.</msg>
<status status="PASS" starttime="20190220 17:15:07.433" endtime="20190220 17:15:10.367"></status>
</kw>
<kw name="Maximize Browser Window" library="SeleniumLibrary">
<doc>Maximizes current browser window.</doc>
<status status="PASS" starttime="20190220 17:15:10.368" endtime="20190220 17:15:10.505"></status>
</kw>
<kw name="Wait Until Page Contains" library="SeleniumLibrary">
<doc>Waits until ``text`` appears on current page.</doc>
<arguments>
<arg>Gmail</arg>
</arguments>
<status status="PASS" starttime="20190220 17:15:10.505" endtime="20190220 17:15:10.554"></status>
</kw>
<kw name="Set Browser Implicit Wait" library="SeleniumLibrary">
<doc>Sets the implicit wait value used by Selenium.</doc>
<arguments>
<arg>5</arg>
</arguments>
<status status="PASS" starttime="20190220 17:15:10.555" endtime="20190220 17:15:10.558"></status>
</kw>
<kw name="GoogleSearch">
<kw name="Input Text" library="SeleniumLibrary">
<doc>Types the given ``text`` into text field identified by ``locator``.</doc>
<arguments>
<arg>name=q</arg>
<arg>venkateshwarlu girigani</arg>
</arguments>
<msg timestamp="20190220 17:15:10.560" level="INFO">Typing text 'venkateshwarlu girigani' into text field 'name=q'.</msg>
<status status="PASS" starttime="20190220 17:15:10.560" endtime="20190220 17:15:10.837"></status>
</kw>
<kw name="Press Keys" library="SeleniumLibrary">
<doc>Simulates user pressing key(s) to an element or on the active browser.</doc>
<arguments>
<arg>name=q</arg>
<arg>ENTER</arg>
</arguments>
<msg timestamp="20190220 17:15:10.838" level="INFO">Sending key(s) ('ENTER',) to name=q element.</msg>
<msg timestamp="20190220 17:15:10.850" level="INFO">Pressing special key ENTER to element.</msg>
<status status="PASS" starttime="20190220 17:15:10.838" endtime="20190220 17:15:11.902"></status>
</kw>
<status status="PASS" starttime="20190220 17:15:10.559" endtime="20190220 17:15:11.903"></status>
</kw>
<kw name="Close Browser" library="SeleniumLibrary">
<doc>Closes the current browser.</doc>
<status status="PASS" starttime="20190220 17:15:11.903" endtime="20190220 17:15:14.124"></status>
</kw>
<doc>This is a sample login test for Facebook</doc>
<status status="PASS" starttime="20190220 17:15:07.432" endtime="20190220 17:15:14.126" critical="yes"></status>
</test>
<status status="PASS" starttime="20190220 17:15:07.156" endtime="20190220 17:15:14.130"></status>
</suite>
<status status="PASS" starttime="20190220 17:15:07.151" endtime="20190220 17:15:14.143"></status>
</suite>
<status status="PASS" starttime="20190220 17:15:07.111" endtime="20190220 17:15:14.152"></status>
</suite>
<statistics>
<total>
<stat pass="1" fail="0">Critical Tests</stat>
<stat pass="1" fail="0">All Tests</stat>
</total>
<tag>
</tag>
<suite>
<stat pass="1" fail="0" id="s1" name="RobotProject1">RobotProject1</stat>
<stat pass="1" fail="0" id="s1-s1" name="RobotTests">RobotProject1.RobotTests</stat>
<stat pass="1" fail="0" id="s1-s1-s1" name="RobotTest1">RobotProject1.RobotTests.RobotTest1</stat>
</suite>
</statistics>
<errors>
</errors>
</robot>
